<?xml version="1.0" encoding="UTF-8"?>
<testsuite name="test.java.SortAlgosTest" tests="12" skipped="0" failures="0" errors="0" timestamp="2018-10-20T18:57:27" hostname="vivek" time="0.029">
  <properties/>
  <testcase name="testMergeSort" classname="test.java.SortAlgosTest" time="0.001"/>
  <testcase name="testSelectionSort" classname="test.java.SortAlgosTest" time="0.0"/>
  <testcase name="testQuickSortEmpty" classname="test.java.SortAlgosTest" time="0.002"/>
  <testcase name="testBubbleSort" classname="test.java.SortAlgosTest" time="0.001"/>
  <testcase name="testSelectionSortEmpty" classname="test.java.SortAlgosTest" time="0.002"/>
  <testcase name="testHeapSort" classname="test.java.SortAlgosTest" time="0.0"/>
  <testcase name="testHeapSortEmpty" classname="test.java.SortAlgosTest" time="0.001"/>
  <testcase name="testMergeSortEmpty" classname="test.java.SortAlgosTest" time="0.002"/>
  <testcase name="testInsertionSort" classname="test.java.SortAlgosTest" time="0.004"/>
  <testcase name="testQuickSort" classname="test.java.SortAlgosTest" time="0.001"/>
  <testcase name="testInsertionSortEmpty" classname="test.java.SortAlgosTest" time="0.001"/>
  <testcase name="testBubbleSortEmpty" classname="test.java.SortAlgosTest" time="0.0"/>
  <system-out><![CDATA[]]></system-out>
  <system-err><![CDATA[]]></system-err>
</testsuite>
